app/build/intermediates/manifest_merge_blame_file/devnetRelease/processDevnetReleaseMainManifest/manifest-merger-blame-devnet-release-report.txt
1<?xml version="1.0" encoding="utf-8"?>
2<manifest xmlns:android="http://schemas.android.com/apk/res/android"
3    package="com.winopay.devnet"
4    android:versionCode="2"
5    android:versionName="1.0.1-devnet" >
6
7    <uses-sdk
8        android:minSdkVersion="26"
9        android:targetSdkVersion="35" />
10
11    <uses-permission android:name="android.permission.INTERNET" />
11-->src/main/AndroidManifest.xml:5:5-67
11-->src/main/AndroidManifest.xml:5:22-64
12    <uses-permission android:name="android.permission.ACCESS_NETWORK_STATE" />
12-->src/main/AndroidManifest.xml:6:5-79
12-->src/main/AndroidManifest.xml:6:22-76
13
14    <!-- Wallet app queries for Android 11+ package visibility -->
15    <queries>
15-->src/main/AndroidManifest.xml:9:5-23:15
16
17        <!-- Phantom wallet -->
18        <package android:name="app.phantom" />
18-->src/main/AndroidManifest.xml:11:9-47
18-->src/main/AndroidManifest.xml:11:18-44
19        <!-- Solflare wallet -->
20        <package android:name="com.solflare.mobile" />
20-->src/main/AndroidManifest.xml:13:9-55
20-->src/main/AndroidManifest.xml:13:18-52
21        <!-- Trust wallet -->
22        <package android:name="com.wallet.crypto.trustapp" />
22-->src/main/AndroidManifest.xml:15:9-62
22-->src/main/AndroidManifest.xml:15:18-59
23        <!-- OKX wallet -->
24        <package android:name="com.okinc.okex.gp" />
24-->src/main/AndroidManifest.xml:17:9-53
24-->src/main/AndroidManifest.xml:17:18-50
25        <!-- Generic intent for wallet deeplinks -->
26        <intent>
26-->src/main/AndroidManifest.xml:19:9-22:18
27            <action android:name="android.intent.action.VIEW" />
27-->src/main/AndroidManifest.xml:20:13-65
27-->src/main/AndroidManifest.xml:20:21-62
28
29            <data android:scheme="https" />
29-->src/main/AndroidManifest.xml:21:13-44
29-->src/main/AndroidManifest.xml:21:19-41
30        </intent>
31
32        <package android:name="com.reown.sample.wallet" />
32-->[com.reown:android-core:1.6.8] AndroidManifest.xml:8:9-59
32-->[com.reown:android-core:1.6.8] AndroidManifest.xml:8:18-56
33        <package android:name="com.reown.sample.wallet.debug" />
33-->[com.reown:android-core:1.6.8] AndroidManifest.xml:9:9-65
33-->[com.reown:android-core:1.6.8] AndroidManifest.xml:9:18-62
34        <package android:name="com.reown.sample.wallet.internal" /> <!-- Support querying whether an app with the wallet endpoint role is available -->
34-->[com.reown:android-core:1.6.8] AndroidManifest.xml:10:9-68
34-->[com.reown:android-core:1.6.8] AndroidManifest.xml:10:18-65
35        <intent>
35-->[com.solanamobile:mobile-wallet-adapter-clientlib:2.0.3] AndroidManifest.xml:14:9-20:18
36            <action android:name="android.intent.action.VIEW" />
36-->src/main/AndroidManifest.xml:20:13-65
36-->src/main/AndroidManifest.xml:20:21-62
37
38            <category android:name="android.intent.category.BROWSABLE" />
38-->src/main/AndroidManifest.xml:50:17-78
38-->src/main/AndroidManifest.xml:50:27-75
39
40            <data android:scheme="solana-wallet" />
40-->src/main/AndroidManifest.xml:21:13-44
40-->src/main/AndroidManifest.xml:21:19-41
41        </intent>
42    </queries>
43
44    <uses-permission android:name="android.permission.WAKE_LOCK" />
44-->[androidx.work:work-runtime:2.9.1] AndroidManifest.xml:23:5-68
44-->[androidx.work:work-runtime:2.9.1] AndroidManifest.xml:23:22-65
45    <uses-permission android:name="android.permission.RECEIVE_BOOT_COMPLETED" />
45-->[androidx.work:work-runtime:2.9.1] AndroidManifest.xml:25:5-81
45-->[androidx.work:work-runtime:2.9.1] AndroidManifest.xml:25:22-78
46    <uses-permission android:name="android.permission.FOREGROUND_SERVICE" />
46-->[androidx.work:work-runtime:2.9.1] AndroidManifest.xml:26:5-77
46-->[androidx.work:work-runtime:2.9.1] AndroidManifest.xml:26:22-74
47    <uses-permission android:name="android.permission.POST_NOTIFICATIONS" /> <!-- Required by older versions of Google Play services to create IID tokens -->
47-->[com.google.firebase:firebase-messaging:24.0.1] AndroidManifest.xml:23:5-77
47-->[com.google.firebase:firebase-messaging:24.0.1] AndroidManifest.xml:23:22-74
48    <uses-permission android:name="com.google.android.c2dm.permission.RECEIVE" />
48-->[com.google.firebase:firebase-messaging:24.0.1] AndroidManifest.xml:26:5-82
48-->[com.google.firebase:firebase-messaging:24.0.1] AndroidManifest.xml:26:22-79
49    <uses-permission android:name="android.permission.REORDER_TASKS" />
49-->[androidx.test:core:1.5.0] AndroidManifest.xml:24:5-72
49-->[androidx.test:core:1.5.0] AndroidManifest.xml:24:22-69
50
51    <permission
51-->[androidx.core:core:1.15.0] AndroidManifest.xml:22:5-24:47
52        android:name="com.winopay.devnet.DYNAMIC_RECEIVER_NOT_EXPORTED_PERMISSION"
52-->[androidx.core:core:1.15.0] AndroidManifest.xml:23:9-81
53        android:protectionLevel="signature" />
53-->[androidx.core:core:1.15.0] AndroidManifest.xml:24:9-44
54
55    <uses-permission android:name="com.winopay.devnet.DYNAMIC_RECEIVER_NOT_EXPORTED_PERMISSION" />
55-->[androidx.core:core:1.15.0] AndroidManifest.xml:26:5-97
55-->[androidx.core:core:1.15.0] AndroidManifest.xml:26:22-94
56
57    <application
57-->src/main/AndroidManifest.xml:25:5-65:19
58        android:name="com.winopay.WinoPayApplication"
58-->src/main/AndroidManifest.xml:26:9-43
59        android:allowBackup="true"
59-->src/main/AndroidManifest.xml:27:9-35
60        android:appComponentFactory="androidx.core.app.CoreComponentFactory"
60-->[androidx.core:core:1.15.0] AndroidManifest.xml:28:18-86
61        android:dataExtractionRules="@xml/data_extraction_rules"
61-->src/main/AndroidManifest.xml:29:9-65
62        android:extractNativeLibs="false"
63        android:fullBackupContent="@xml/backup_rules"
63-->src/main/AndroidManifest.xml:28:9-54
64        android:icon="@mipmap/ic_launcher"
64-->src/main/AndroidManifest.xml:30:9-43
65        android:label="@string/app_name"
65-->src/main/AndroidManifest.xml:31:9-41
66        android:roundIcon="@mipmap/ic_launcher_round"
66-->src/main/AndroidManifest.xml:32:9-54
67        android:supportsRtl="true"
67-->src/main/AndroidManifest.xml:33:9-35
68        android:theme="@style/Theme.WinoPay" >
68-->src/main/AndroidManifest.xml:34:9-45
69        <activity
69-->src/main/AndroidManifest.xml:36:9-53:20
70            android:name="com.winopay.MainActivity"
70-->src/main/AndroidManifest.xml:37:13-41
71            android:exported="true"
71-->src/main/AndroidManifest.xml:38:13-36
72            android:launchMode="singleTask"
72-->src/main/AndroidManifest.xml:41:13-44
73            android:screenOrientation="portrait"
73-->src/main/AndroidManifest.xml:39:13-49
74            android:windowSoftInputMode="adjustResize" >
74-->src/main/AndroidManifest.xml:40:13-55
75            <intent-filter>
75-->src/main/AndroidManifest.xml:42:13-45:29
76                <action android:name="android.intent.action.MAIN" />
76-->src/main/AndroidManifest.xml:43:17-69
76-->src/main/AndroidManifest.xml:43:25-66
77
78                <category android:name="android.intent.category.LAUNCHER" />
78-->src/main/AndroidManifest.xml:44:17-77
78-->src/main/AndroidManifest.xml:44:27-74
79            </intent-filter>
80            <!-- WalletConnect deeplink callback -->
81            <intent-filter>
81-->src/main/AndroidManifest.xml:47:13-52:29
82                <action android:name="android.intent.action.VIEW" />
82-->src/main/AndroidManifest.xml:20:13-65
82-->src/main/AndroidManifest.xml:20:21-62
83
84                <category android:name="android.intent.category.DEFAULT" />
84-->src/main/AndroidManifest.xml:49:17-76
84-->src/main/AndroidManifest.xml:49:27-73
85                <category android:name="android.intent.category.BROWSABLE" />
85-->src/main/AndroidManifest.xml:50:17-78
85-->src/main/AndroidManifest.xml:50:27-75
86
87                <data
87-->src/main/AndroidManifest.xml:21:13-44
88                    android:host="wc"
88-->src/main/AndroidManifest.xml:51:48-65
89                    android:scheme="winopay" />
89-->src/main/AndroidManifest.xml:21:19-41
90            </intent-filter>
91        </activity>
92
93        <!-- FileProvider for sharing APK updates with system installer -->
94        <provider
95            android:name="androidx.core.content.FileProvider"
95-->src/main/AndroidManifest.xml:57:13-62
96            android:authorities="com.winopay.devnet.fileprovider"
96-->src/main/AndroidManifest.xml:58:13-64
97            android:exported="false"
97-->src/main/AndroidManifest.xml:59:13-37
98            android:grantUriPermissions="true" >
98-->src/main/AndroidManifest.xml:60:13-47
99            <meta-data
99-->src/main/AndroidManifest.xml:61:13-63:58
100                android:name="android.support.FILE_PROVIDER_PATHS"
100-->src/main/AndroidManifest.xml:62:17-67
101                android:resource="@xml/provider_paths" />
101-->src/main/AndroidManifest.xml:63:17-55
102        </provider>
103        <provider
103-->[androidx.work:work-runtime:2.9.1] AndroidManifest.xml:29:9-37:20
104            android:name="androidx.startup.InitializationProvider"
104-->[androidx.work:work-runtime:2.9.1] AndroidManifest.xml:30:13-67
105            android:authorities="com.winopay.devnet.androidx-startup"
105-->[androidx.work:work-runtime:2.9.1] AndroidManifest.xml:31:13-68
106            android:exported="false" >
106-->[androidx.work:work-runtime:2.9.1] AndroidManifest.xml:32:13-37
107            <meta-data
107-->[androidx.work:work-runtime:2.9.1] AndroidManifest.xml:34:13-36:52
108                android:name="androidx.work.WorkManagerInitializer"
108-->[androidx.work:work-runtime:2.9.1] AndroidManifest.xml:35:17-68
109                android:value="androidx.startup" />
109-->[androidx.work:work-runtime:2.9.1] AndroidManifest.xml:36:17-49
110            <meta-data
110-->[androidx.lifecycle:lifecycle-process:2.9.0] AndroidManifest.xml:29:13-31:52
111                android:name="androidx.lifecycle.ProcessLifecycleInitializer"
111-->[androidx.lifecycle:lifecycle-process:2.9.0] AndroidManifest.xml:30:17-78
112                android:value="androidx.startup" />
112-->[androidx.lifecycle:lifecycle-process:2.9.0] AndroidManifest.xml:31:17-49
113            <meta-data
113-->[androidx.emoji2:emoji2:1.3.0] AndroidManifest.xml:29:13-31:52
114                android:name="androidx.emoji2.text.EmojiCompatInitializer"
114-->[androidx.emoji2:emoji2:1.3.0] AndroidManifest.xml:30:17-75
115                android:value="androidx.startup" />
115-->[androidx.emoji2:emoji2:1.3.0] AndroidManifest.xml:31:17-49
116            <meta-data
116-->[androidx.profileinstaller:profileinstaller:1.4.0] AndroidManifest.xml:29:13-31:52
117                android:name="androidx.profileinstaller.ProfileInstallerInitializer"
117-->[androidx.profileinstaller:profileinstaller:1.4.0] AndroidManifest.xml:30:17-85
118                android:value="androidx.startup" />
118-->[androidx.profileinstaller:profileinstaller:1.4.0] AndroidManifest.xml:31:17-49
119            <meta-data
119-->[com.squareup.okhttp3:okhttp-android:5.1.0] AndroidManifest.xml:16:13-18:52
120                android:name="okhttp3.internal.platform.PlatformInitializer"
120-->[com.squareup.okhttp3:okhttp-android:5.1.0] AndroidManifest.xml:17:17-77
121                android:value="androidx.startup" />
121-->[com.squareup.okhttp3:okhttp-android:5.1.0] AndroidManifest.xml:18:17-49
122        </provider>
123
124        <service
124-->[androidx.work:work-runtime:2.9.1] AndroidManifest.xml:39:9-45:35
125            android:name="androidx.work.impl.background.systemalarm.SystemAlarmService"
125-->[androidx.work:work-runtime:2.9.1] AndroidManifest.xml:40:13-88
126            android:directBootAware="false"
126-->[androidx.work:work-runtime:2.9.1] AndroidManifest.xml:41:13-44
127            android:enabled="@bool/enable_system_alarm_service_default"
127-->[androidx.work:work-runtime:2.9.1] AndroidManifest.xml:42:13-72
128            android:exported="false" />
128-->[androidx.work:work-runtime:2.9.1] AndroidManifest.xml:43:13-37
129        <service
129-->[androidx.work:work-runtime:2.9.1] AndroidManifest.xml:46:9-52:35
130            android:name="androidx.work.impl.background.systemjob.SystemJobService"
130-->[androidx.work:work-runtime:2.9.1] AndroidManifest.xml:47:13-84
131            android:directBootAware="false"
131-->[androidx.work:work-runtime:2.9.1] AndroidManifest.xml:48:13-44
132            android:enabled="@bool/enable_system_job_service_default"
132-->[androidx.work:work-runtime:2.9.1] AndroidManifest.xml:49:13-70
133            android:exported="true"
133-->[androidx.work:work-runtime:2.9.1] AndroidManifest.xml:50:13-36
134            android:permission="android.permission.BIND_JOB_SERVICE" />
134-->[androidx.work:work-runtime:2.9.1] AndroidManifest.xml:51:13-69
135        <service
135-->[androidx.work:work-runtime:2.9.1] AndroidManifest.xml:53:9-59:35
136            android:name="androidx.work.impl.foreground.SystemForegroundService"
136-->[androidx.work:work-runtime:2.9.1] AndroidManifest.xml:54:13-81
137            android:directBootAware="false"
137-->[androidx.work:work-runtime:2.9.1] AndroidManifest.xml:55:13-44
138            android:enabled="@bool/enable_system_foreground_service_default"
138-->[androidx.work:work-runtime:2.9.1] AndroidManifest.xml:56:13-77
139            android:exported="false" />
139-->[androidx.work:work-runtime:2.9.1] AndroidManifest.xml:57:13-37
140
141        <receiver
141-->[androidx.work:work-runtime:2.9.1] AndroidManifest.xml:61:9-66:35
142            android:name="androidx.work.impl.utils.ForceStopRunnable$BroadcastReceiver"
142-->[androidx.work:work-runtime:2.9.1] AndroidManifest.xml:62:13-88
143            android:directBootAware="false"
143-->[androidx.work:work-runtime:2.9.1] AndroidManifest.xml:63:13-44
144            android:enabled="true"
144-->[androidx.work:work-runtime:2.9.1] AndroidManifest.xml:64:13-35
145            android:exported="false" />
145-->[androidx.work:work-runtime:2.9.1] AndroidManifest.xml:65:13-37
146        <receiver
146-->[androidx.work:work-runtime:2.9.1] AndroidManifest.xml:67:9-77:20
147            android:name="androidx.work.impl.background.systemalarm.ConstraintProxy$BatteryChargingProxy"
147-->[androidx.work:work-runtime:2.9.1] AndroidManifest.xml:68:13-106
148            android:directBootAware="false"
148-->[androidx.work:work-runtime:2.9.1] AndroidManifest.xml:69:13-44
149            android:enabled="false"
149-->[androidx.work:work-runtime:2.9.1] AndroidManifest.xml:70:13-36
150            android:exported="false" >
150-->[androidx.work:work-runtime:2.9.1] AndroidManifest.xml:71:13-37
151            <intent-filter>
151-->[androidx.work:work-runtime:2.9.1] AndroidManifest.xml:73:13-76:29
152                <action android:name="android.intent.action.ACTION_POWER_CONNECTED" />
152-->[androidx.work:work-runtime:2.9.1] AndroidManifest.xml:74:17-87
152-->[androidx.work:work-runtime:2.9.1] AndroidManifest.xml:74:25-84
153                <action android:name="android.intent.action.ACTION_POWER_DISCONNECTED" />
153-->[androidx.work:work-runtime:2.9.1] AndroidManifest.xml:75:17-90
153-->[androidx.work:work-runtime:2.9.1] AndroidManifest.xml:75:25-87
154            </intent-filter>
155        </receiver>
156        <receiver
156-->[androidx.work:work-runtime:2.9.1] AndroidManifest.xml:78:9-88:20
157            android:name="androidx.work.impl.background.systemalarm.ConstraintProxy$BatteryNotLowProxy"
157-->[androidx.work:work-runtime:2.9.1] AndroidManifest.xml:79:13-104
158            android:directBootAware="false"
158-->[androidx.work:work-runtime:2.9.1] AndroidManifest.xml:80:13-44
159            android:enabled="false"
159-->[androidx.work:work-runtime:2.9.1] AndroidManifest.xml:81:13-36
160            android:exported="false" >
160-->[androidx.work:work-runtime:2.9.1] AndroidManifest.xml:82:13-37
161            <intent-filter>
161-->[androidx.work:work-runtime:2.9.1] AndroidManifest.xml:84:13-87:29
162                <action android:name="android.intent.action.BATTERY_OKAY" />
162-->[androidx.work:work-runtime:2.9.1] AndroidManifest.xml:85:17-77
162-->[androidx.work:work-runtime:2.9.1] AndroidManifest.xml:85:25-74
163                <action android:name="android.intent.action.BATTERY_LOW" />
163-->[androidx.work:work-runtime:2.9.1] AndroidManifest.xml:86:17-76
163-->[androidx.work:work-runtime:2.9.1] AndroidManifest.xml:86:25-73
164            </intent-filter>
165        </receiver>
166        <receiver
166-->[androidx.work:work-runtime:2.9.1] AndroidManifest.xml:89:9-99:20
167            android:name="androidx.work.impl.background.systemalarm.ConstraintProxy$StorageNotLowProxy"
167-->[androidx.work:work-runtime:2.9.1] AndroidManifest.xml:90:13-104
168            android:directBootAware="false"
168-->[androidx.work:work-runtime:2.9.1] AndroidManifest.xml:91:13-44
169            android:enabled="false"
169-->[androidx.work:work-runtime:2.9.1] AndroidManifest.xml:92:13-36
170            android:exported="false" >
170-->[androidx.work:work-runtime:2.9.1] AndroidManifest.xml:93:13-37
171            <intent-filter>
171-->[androidx.work:work-runtime:2.9.1] AndroidManifest.xml:95:13-98:29
172                <action android:name="android.intent.action.DEVICE_STORAGE_LOW" />
172-->[androidx.work:work-runtime:2.9.1] AndroidManifest.xml:96:17-83
172-->[androidx.work:work-runtime:2.9.1] AndroidManifest.xml:96:25-80
173                <action android:name="android.intent.action.DEVICE_STORAGE_OK" />
173-->[androidx.work:work-runtime:2.9.1] AndroidManifest.xml:97:17-82
173-->[androidx.work:work-runtime:2.9.1] AndroidManifest.xml:97:25-79
174            </intent-filter>
175        </receiver>
176        <receiver
176-->[androidx.work:work-runtime:2.9.1] AndroidManifest.xml:100:9-109:20
177            android:name="androidx.work.impl.background.systemalarm.ConstraintProxy$NetworkStateProxy"
177-->[androidx.work:work-runtime:2.9.1] AndroidManifest.xml:101:13-103
178            android:directBootAware="false"
178-->[androidx.work:work-runtime:2.9.1] AndroidManifest.xml:102:13-44
179            android:enabled="false"
179-->[androidx.work:work-runtime:2.9.1] AndroidManifest.xml:103:13-36
180            android:exported="false" >
180-->[androidx.work:work-runtime:2.9.1] AndroidManifest.xml:104:13-37
181            <intent-filter>
181-->[androidx.work:work-runtime:2.9.1] AndroidManifest.xml:106:13-108:29
182                <action android:name="android.net.conn.CONNECTIVITY_CHANGE" />
182-->[androidx.work:work-runtime:2.9.1] AndroidManifest.xml:107:17-79
182-->[androidx.work:work-runtime:2.9.1] AndroidManifest.xml:107:25-76
183            </intent-filter>
184        </receiver>
185        <receiver
185-->[androidx.work:work-runtime:2.9.1] AndroidManifest.xml:110:9-121:20
186            android:name="androidx.work.impl.background.systemalarm.RescheduleReceiver"
186-->[androidx.work:work-runtime:2.9.1] AndroidManifest.xml:111:13-88
187            android:directBootAware="false"
187-->[androidx.work:work-runtime:2.9.1] AndroidManifest.xml:112:13-44
188            android:enabled="false"
188-->[androidx.work:work-runtime:2.9.1] AndroidManifest.xml:113:13-36
189            android:exported="false" >
189-->[androidx.work:work-runtime:2.9.1] AndroidManifest.xml:114:13-37
190            <intent-filter>
190-->[androidx.work:work-runtime:2.9.1] AndroidManifest.xml:116:13-120:29
191                <action android:name="android.intent.action.BOOT_COMPLETED" />
191-->[androidx.work:work-runtime:2.9.1] AndroidManifest.xml:117:17-79
191-->[androidx.work:work-runtime:2.9.1] AndroidManifest.xml:117:25-76
192                <action android:name="android.intent.action.TIME_SET" />
192-->[androidx.work:work-runtime:2.9.1] AndroidManifest.xml:118:17-73
192-->[androidx.work:work-runtime:2.9.1] AndroidManifest.xml:118:25-70
193                <action android:name="android.intent.action.TIMEZONE_CHANGED" />
193-->[androidx.work:work-runtime:2.9.1] AndroidManifest.xml:119:17-81
193-->[androidx.work:work-runtime:2.9.1] AndroidManifest.xml:119:25-78
194            </intent-filter>
195        </receiver>
196        <receiver
196-->[androidx.work:work-runtime:2.9.1] AndroidManifest.xml:122:9-131:20
197            android:name="androidx.work.impl.background.systemalarm.ConstraintProxyUpdateReceiver"
197-->[androidx.work:work-runtime:2.9.1] AndroidManifest.xml:123:13-99
198            android:directBootAware="false"
198-->[androidx.work:work-runtime:2.9.1] AndroidManifest.xml:124:13-44
199            android:enabled="@bool/enable_system_alarm_service_default"
199-->[androidx.work:work-runtime:2.9.1] AndroidManifest.xml:125:13-72
200            android:exported="false" >
200-->[androidx.work:work-runtime:2.9.1] AndroidManifest.xml:126:13-37
201            <intent-filter>
201-->[androidx.work:work-runtime:2.9.1] AndroidManifest.xml:128:13-130:29
202                <action android:name="androidx.work.impl.background.systemalarm.UpdateProxies" />
202-->[androidx.work:work-runtime:2.9.1] AndroidManifest.xml:129:17-98
202-->[androidx.work:work-runtime:2.9.1] AndroidManifest.xml:129:25-95
203            </intent-filter>
204        </receiver>
205        <receiver
205-->[androidx.work:work-runtime:2.9.1] AndroidManifest.xml:132:9-142:20
206            android:name="androidx.work.impl.diagnostics.DiagnosticsReceiver"
206-->[androidx.work:work-runtime:2.9.1] AndroidManifest.xml:133:13-78
207            android:directBootAware="false"
207-->[androidx.work:work-runtime:2.9.1] AndroidManifest.xml:134:13-44
208            android:enabled="true"
208-->[androidx.work:work-runtime:2.9.1] AndroidManifest.xml:135:13-35
209            android:exported="true"
209-->[androidx.work:work-runtime:2.9.1] AndroidManifest.xml:136:13-36
210            android:permission="android.permission.DUMP" >
210-->[androidx.work:work-runtime:2.9.1] AndroidManifest.xml:137:13-57
211            <intent-filter>
211-->[androidx.work:work-runtime:2.9.1] AndroidManifest.xml:139:13-141:29
212                <action android:name="androidx.work.diagnostics.REQUEST_DIAGNOSTICS" />
212-->[androidx.work:work-runtime:2.9.1] AndroidManifest.xml:140:17-88
212-->[androidx.work:work-runtime:2.9.1] AndroidManifest.xml:140:25-85
213            </intent-filter>
214        </receiver>
215        <receiver
215-->[com.google.firebase:firebase-messaging:24.0.1] AndroidManifest.xml:29:9-40:20
216            android:name="com.google.firebase.iid.FirebaseInstanceIdReceiver"
216-->[com.google.firebase:firebase-messaging:24.0.1] AndroidManifest.xml:30:13-78
217            android:exported="true"
217-->[com.google.firebase:firebase-messaging:24.0.1] AndroidManifest.xml:31:13-36
218            android:permission="com.google.android.c2dm.permission.SEND" >
218-->[com.google.firebase:firebase-messaging:24.0.1] AndroidManifest.xml:32:13-73
219            <intent-filter>
219-->[com.google.firebase:firebase-messaging:24.0.1] AndroidManifest.xml:33:13-35:29
220                <action android:name="com.google.android.c2dm.intent.RECEIVE" />
220-->[com.google.firebase:firebase-messaging:24.0.1] AndroidManifest.xml:34:17-81
220-->[com.google.firebase:firebase-messaging:24.0.1] AndroidManifest.xml:34:25-78
221            </intent-filter>
222
223            <meta-data
223-->[com.google.firebase:firebase-messaging:24.0.1] AndroidManifest.xml:37:13-39:40
224                android:name="com.google.android.gms.cloudmessaging.FINISHED_AFTER_HANDLED"
224-->[com.google.firebase:firebase-messaging:24.0.1] AndroidManifest.xml:38:17-92
225                android:value="true" />
225-->[com.google.firebase:firebase-messaging:24.0.1] AndroidManifest.xml:39:17-37
226        </receiver>
227        <!--
228             FirebaseMessagingService performs security checks at runtime,
229             but set to not exported to explicitly avoid allowing another app to call it.
230        -->
231        <service
231-->[com.google.firebase:firebase-messaging:24.0.1] AndroidManifest.xml:46:9-53:19
232            android:name="com.google.firebase.messaging.FirebaseMessagingService"
232-->[com.google.firebase:firebase-messaging:24.0.1] AndroidManifest.xml:47:13-82
233            android:directBootAware="true"
233-->[com.google.firebase:firebase-messaging:24.0.1] AndroidManifest.xml:48:13-43
234            android:exported="false" >
234-->[com.google.firebase:firebase-messaging:24.0.1] AndroidManifest.xml:49:13-37
235            <intent-filter android:priority="-500" >
235-->[com.google.firebase:firebase-messaging:24.0.1] AndroidManifest.xml:50:13-52:29
235-->[com.google.firebase:firebase-messaging:24.0.1] AndroidManifest.xml:50:28-51
236                <action android:name="com.google.firebase.MESSAGING_EVENT" />
236-->[com.google.firebase:firebase-messaging:24.0.1] AndroidManifest.xml:51:17-78
236-->[com.google.firebase:firebase-messaging:24.0.1] AndroidManifest.xml:51:25-75
237            </intent-filter>
238        </service>
239        <service
239-->[com.google.firebase:firebase-messaging:24.0.1] AndroidManifest.xml:54:9-63:19
240            android:name="com.google.firebase.components.ComponentDiscoveryService"
240-->[com.google.firebase:firebase-messaging:24.0.1] AndroidManifest.xml:55:13-84
241            android:directBootAware="true"
241-->[com.google.firebase:firebase-common:21.0.0] AndroidManifest.xml:32:13-43
242            android:exported="false" >
242-->[com.google.firebase:firebase-messaging:24.0.1] AndroidManifest.xml:56:13-37
243            <meta-data
243-->[com.google.firebase:firebase-messaging:24.0.1] AndroidManifest.xml:57:13-59:85
244                android:name="com.google.firebase.components:com.google.firebase.messaging.FirebaseMessagingKtxRegistrar"
244-->[com.google.firebase:firebase-messaging:24.0.1] AndroidManifest.xml:58:17-122
245                android:value="com.google.firebase.components.ComponentRegistrar" />
245-->[com.google.firebase:firebase-messaging:24.0.1] AndroidManifest.xml:59:17-82
246            <meta-data
246-->[com.google.firebase:firebase-messaging:24.0.1] AndroidManifest.xml:60:13-62:85
247                android:name="com.google.firebase.components:com.google.firebase.messaging.FirebaseMessagingRegistrar"
247-->[com.google.firebase:firebase-messaging:24.0.1] AndroidManifest.xml:61:17-119
248                android:value="com.google.firebase.components.ComponentRegistrar" />
248-->[com.google.firebase:firebase-messaging:24.0.1] AndroidManifest.xml:62:17-82
249            <meta-data
249-->[com.google.firebase:firebase-installations:18.0.0] AndroidManifest.xml:15:13-17:85
250                android:name="com.google.firebase.components:com.google.firebase.installations.FirebaseInstallationsKtxRegistrar"
250-->[com.google.firebase:firebase-installations:18.0.0] AndroidManifest.xml:16:17-130
251                android:value="com.google.firebase.components.ComponentRegistrar" />
251-->[com.google.firebase:firebase-installations:18.0.0] AndroidManifest.xml:17:17-82
252            <meta-data
252-->[com.google.firebase:firebase-installations:18.0.0] AndroidManifest.xml:18:13-20:85
253                android:name="com.google.firebase.components:com.google.firebase.installations.FirebaseInstallationsRegistrar"
253-->[com.google.firebase:firebase-installations:18.0.0] AndroidManifest.xml:19:17-127
254                android:value="com.google.firebase.components.ComponentRegistrar" />
254-->[com.google.firebase:firebase-installations:18.0.0] AndroidManifest.xml:20:17-82
255            <meta-data
255-->[com.google.firebase:firebase-common-ktx:21.0.0] AndroidManifest.xml:12:13-14:85
256                android:name="com.google.firebase.components:com.google.firebase.ktx.FirebaseCommonLegacyRegistrar"
256-->[com.google.firebase:firebase-common-ktx:21.0.0] AndroidManifest.xml:13:17-116
257                android:value="com.google.firebase.components.ComponentRegistrar" />
257-->[com.google.firebase:firebase-common-ktx:21.0.0] AndroidManifest.xml:14:17-82
258            <meta-data
258-->[com.google.firebase:firebase-common:21.0.0] AndroidManifest.xml:35:13-37:85
259                android:name="com.google.firebase.components:com.google.firebase.FirebaseCommonKtxRegistrar"
259-->[com.google.firebase:firebase-common:21.0.0] AndroidManifest.xml:36:17-109
260                android:value="com.google.firebase.components.ComponentRegistrar" />
260-->[com.google.firebase:firebase-common:21.0.0] AndroidManifest.xml:37:17-82
261            <meta-data
261-->[com.google.firebase:firebase-datatransport:18.2.0] AndroidManifest.xml:25:13-27:85
262                android:name="com.google.firebase.components:com.google.firebase.datatransport.TransportRegistrar"
262-->[com.google.firebase:firebase-datatransport:18.2.0] AndroidManifest.xml:26:17-115
263                android:value="com.google.firebase.components.ComponentRegistrar" />
263-->[com.google.firebase:firebase-datatransport:18.2.0] AndroidManifest.xml:27:17-82
264        </service>
265
266        <activity
266-->[com.google.android.gms:play-services-base:18.0.1] AndroidManifest.xml:20:9-22:45
267            android:name="com.google.android.gms.common.api.GoogleApiActivity"
267-->[com.google.android.gms:play-services-base:18.0.1] AndroidManifest.xml:20:19-85
268            android:exported="false"
268-->[com.google.android.gms:play-services-base:18.0.1] AndroidManifest.xml:22:19-43
269            android:theme="@android:style/Theme.Translucent.NoTitleBar" />
269-->[com.google.android.gms:play-services-base:18.0.1] AndroidManifest.xml:21:19-78
270
271        <provider
271-->[com.google.firebase:firebase-common:21.0.0] AndroidManifest.xml:23:9-28:39
272            android:name="com.google.firebase.provider.FirebaseInitProvider"
272-->[com.google.firebase:firebase-common:21.0.0] AndroidManifest.xml:24:13-77
273            android:authorities="com.winopay.devnet.firebaseinitprovider"
273-->[com.google.firebase:firebase-common:21.0.0] AndroidManifest.xml:25:13-72
274            android:directBootAware="true"